2022-10-27 10:04:39,861 INFO org.springframework.boot.StartupInfoLogger [restartedMain] Starting LibraryManagementApplication using Java 18.0.1.1 on MSI with PID 15436 (C:\Users\giuse\Desktop\libraryManagement\target\classes started by giuse in C:\Users\giuse\Desktop\libraryManagement)
2022-10-27 10:04:39,863 INFO org.springframework.boot.SpringApplication [restartedMain] No active profile set, falling back to 1 default profile: "default"
2022-10-27 10:04:39,939 INFO org.springframework.boot.logging.DeferredLog [restartedMain] Devtools property defaults active! Set 'spring.devtools.add-properties' to 'false' to disable
2022-10-27 10:04:39,940 INFO org.springframework.boot.logging.DeferredLog [restartedMain] For additional web related logging consider setting the 'logging.level.web' property to 'DEBUG'
2022-10-27 10:04:40,967 INFO org.springframework.data.repository.config.RepositoryConfigurationDelegate [restartedMain] Bootstrapping Spring Data JPA repositories in DEFAULT mode.
2022-10-27 10:04:41,036 INFO org.springframework.data.repository.config.RepositoryConfigurationDelegate [restartedMain] Finished Spring Data repository scanning in 62 ms. Found 8 JPA repository interfaces.
2022-10-27 10:04:41,983 INFO org.springframework.boot.web.embedded.tomcat.TomcatWebServer [restartedMain] Tomcat initialized with port(s): 8080 (http)
2022-10-27 10:04:42,005 INFO org.apache.juli.logging.DirectJDKLog [restartedMain] Initializing ProtocolHandler ["http-nio-8080"]
2022-10-27 10:04:42,006 INFO org.apache.juli.logging.DirectJDKLog [restartedMain] Starting service [Tomcat]
2022-10-27 10:04:42,007 INFO org.apache.juli.logging.DirectJDKLog [restartedMain] Starting Servlet engine: [Apache Tomcat/9.0.68]
2022-10-27 10:04:42,116 INFO org.apache.juli.logging.DirectJDKLog [restartedMain] Initializing Spring embedded WebApplicationContext
2022-10-27 10:04:42,116 INFO org.springframework.boot.web.servlet.context.ServletWebServerApplicationContext [restartedMain] Root WebApplicationContext: initialization completed in 2175 ms
2022-10-27 10:04:42,466 INFO org.hibernate.jpa.internal.util.LogHelper [restartedMain] HHH000204: Processing PersistenceUnitInfo [name: default]
2022-10-27 10:04:42,506 INFO org.hibernate.Version [restartedMain] HHH000412: Hibernate ORM core version 5.6.12.Final
2022-10-27 10:04:42,685 INFO org.hibernate.annotations.common.reflection.java.JavaReflectionManager [restartedMain] HCANN000001: Hibernate Commons Annotations {5.1.2.Final}
2022-10-27 10:04:42,777 INFO com.zaxxer.hikari.HikariDataSource [restartedMain] HikariPool-1 - Starting...
2022-10-27 10:04:43,061 INFO com.zaxxer.hikari.HikariDataSource [restartedMain] HikariPool-1 - Start completed.
2022-10-27 10:04:43,078 INFO org.hibernate.dialect.Dialect [restartedMain] HHH000400: Using dialect: org.hibernate.dialect.MySQL57Dialect
2022-10-27 10:04:43,921 INFO org.hibernate.engine.transaction.jta.platform.internal.JtaPlatformInitiator [restartedMain] HHH000490: Using JtaPlatform implementation: [org.hibernate.engine.transaction.jta.platform.internal.NoJtaPlatform]
2022-10-27 10:04:43,928 INFO org.springframework.orm.jpa.AbstractEntityManagerFactoryBean [restartedMain] Initialized JPA EntityManagerFactory for persistence unit 'default'
2022-10-27 10:04:44,355 WARN org.springframework.boot.autoconfigure.orm.jpa.JpaBaseConfiguration$JpaWebConfiguration [restartedMain] spring.jpa.open-in-view is enabled by default. Therefore, database queries may be performed during view rendering. Explicitly configure spring.jpa.open-in-view to disable this warning
2022-10-27 10:04:44,769 INFO org.springframework.beans.factory.annotation.AutowiredAnnotationBeanPostProcessor [restartedMain] Autowired annotation is not supported on static fields: public static java.lang.String co.develhope.libraryManagement.service.auth.LoginService.JWT_SECRET
2022-10-27 10:04:45,484 WARN org.springframework.boot.autoconfigure.security.servlet.UserDetailsServiceAutoConfiguration [restartedMain] 

Using generated security password: 220e6bc2-27d1-4d94-a76a-b9597e3c3533

This generated password is for development use only. Your security configuration must be updated before running your application in production.

2022-10-27 10:04:45,540 INFO org.springframework.security.web.DefaultSecurityFilterChain [restartedMain] Will secure any request with [org.springframework.security.web.session.DisableEncodeUrlFilter@6cd21e23, org.springframework.security.web.context.request.async.WebAsyncManagerIntegrationFilter@4133099b, org.springframework.security.web.context.SecurityContextPersistenceFilter@29b87850, org.springframework.security.web.header.HeaderWriterFilter@6ccfa11a, org.springframework.security.web.authentication.logout.LogoutFilter@60be7043, org.springframework.security.web.savedrequest.RequestCacheAwareFilter@596ddd9d, org.springframework.security.web.servletapi.SecurityContextHolderAwareRequestFilter@43415663, org.springframework.security.web.authentication.AnonymousAuthenticationFilter@176829b2, org.springframework.security.web.session.SessionManagementFilter@153291a2, org.springframework.security.web.access.ExceptionTranslationFilter@37efd4cd, org.springframework.security.web.access.intercept.FilterSecurityInterceptor@2a7ecfb0]
2022-10-27 10:04:45,631 INFO org.springframework.boot.devtools.autoconfigure.OptionalLiveReloadServer [restartedMain] LiveReload server is running on port 35729
2022-10-27 10:04:45,798 INFO org.apache.juli.logging.DirectJDKLog [restartedMain] Starting ProtocolHandler ["http-nio-8080"]
2022-10-27 10:04:45,819 INFO org.springframework.boot.web.embedded.tomcat.TomcatWebServer [restartedMain] Tomcat started on port(s): 8080 (http) with context path ''
2022-10-27 10:04:46,186 INFO org.springframework.boot.StartupInfoLogger [restartedMain] Started LibraryManagementApplication in 6.804 seconds (JVM running for 13.109)
2022-10-27 10:07:41,198 INFO org.springframework.orm.jpa.AbstractEntityManagerFactoryBean [SpringApplicationShutdownHook] Closing JPA EntityManagerFactory for persistence unit 'default'
2022-10-27 10:07:41,201 INFO com.zaxxer.hikari.HikariDataSource [SpringApplicationShutdownHook] HikariPool-1 - Shutdown initiated...
2022-10-27 10:07:41,208 INFO com.zaxxer.hikari.HikariDataSource [SpringApplicationShutdownHook] HikariPool-1 - Shutdown completed.
2022-10-27 10:07:44,514 INFO org.springframework.boot.StartupInfoLogger [restartedMain] Starting LibraryManagementApplication using Java 18.0.1.1 on MSI with PID 20372 (C:\Users\giuse\Desktop\libraryManagement\target\classes started by giuse in C:\Users\giuse\Desktop\libraryManagement)
2022-10-27 10:07:44,515 INFO org.springframework.boot.SpringApplication [restartedMain] No active profile set, falling back to 1 default profile: "default"
2022-10-27 10:07:44,556 INFO org.springframework.boot.logging.DeferredLog [restartedMain] Devtools property defaults active! Set 'spring.devtools.add-properties' to 'false' to disable
2022-10-27 10:07:44,556 INFO org.springframework.boot.logging.DeferredLog [restartedMain] For additional web related logging consider setting the 'logging.level.web' property to 'DEBUG'
2022-10-27 10:07:45,210 INFO org.springframework.data.repository.config.RepositoryConfigurationDelegate [restartedMain] Bootstrapping Spring Data JPA repositories in DEFAULT mode.
2022-10-27 10:07:45,277 INFO org.springframework.data.repository.config.RepositoryConfigurationDelegate [restartedMain] Finished Spring Data repository scanning in 61 ms. Found 8 JPA repository interfaces.
2022-10-27 10:07:46,072 INFO org.springframework.boot.web.embedded.tomcat.TomcatWebServer [restartedMain] Tomcat initialized with port(s): 8080 (http)
2022-10-27 10:07:46,096 INFO org.apache.juli.logging.DirectJDKLog [restartedMain] Initializing ProtocolHandler ["http-nio-8080"]
2022-10-27 10:07:46,097 INFO org.apache.juli.logging.DirectJDKLog [restartedMain] Starting service [Tomcat]
2022-10-27 10:07:46,098 INFO org.apache.juli.logging.DirectJDKLog [restartedMain] Starting Servlet engine: [Apache Tomcat/9.0.68]
2022-10-27 10:07:46,171 INFO org.apache.juli.logging.DirectJDKLog [restartedMain] Initializing Spring embedded WebApplicationContext
2022-10-27 10:07:46,171 INFO org.springframework.boot.web.servlet.context.ServletWebServerApplicationContext [restartedMain] Root WebApplicationContext: initialization completed in 1614 ms
2022-10-27 10:07:46,423 INFO org.hibernate.jpa.internal.util.LogHelper [restartedMain] HHH000204: Processing PersistenceUnitInfo [name: default]
2022-10-27 10:07:46,454 INFO org.hibernate.Version [restartedMain] HHH000412: Hibernate ORM core version 5.6.12.Final
2022-10-27 10:07:46,571 INFO org.hibernate.annotations.common.reflection.java.JavaReflectionManager [restartedMain] HCANN000001: Hibernate Commons Annotations {5.1.2.Final}
2022-10-27 10:07:46,635 INFO com.zaxxer.hikari.HikariDataSource [restartedMain] HikariPool-1 - Starting...
2022-10-27 10:07:46,869 INFO com.zaxxer.hikari.HikariDataSource [restartedMain] HikariPool-1 - Start completed.
2022-10-27 10:07:46,889 INFO org.hibernate.dialect.Dialect [restartedMain] HHH000400: Using dialect: org.hibernate.dialect.MySQL57Dialect
2022-10-27 10:07:47,585 INFO org.hibernate.engine.transaction.jta.platform.internal.JtaPlatformInitiator [restartedMain] HHH000490: Using JtaPlatform implementation: [org.hibernate.engine.transaction.jta.platform.internal.NoJtaPlatform]
2022-10-27 10:07:47,592 INFO org.springframework.orm.jpa.AbstractEntityManagerFactoryBean [restartedMain] Initialized JPA EntityManagerFactory for persistence unit 'default'
2022-10-27 10:07:47,895 WARN org.springframework.boot.autoconfigure.orm.jpa.JpaBaseConfiguration$JpaWebConfiguration [restartedMain] spring.jpa.open-in-view is enabled by default. Therefore, database queries may be performed during view rendering. Explicitly configure spring.jpa.open-in-view to disable this warning
2022-10-27 10:07:48,221 INFO org.springframework.beans.factory.annotation.AutowiredAnnotationBeanPostProcessor [restartedMain] Autowired annotation is not supported on static fields: public static java.lang.String co.develhope.libraryManagement.service.auth.LoginService.JWT_SECRET
2022-10-27 10:07:48,873 WARN org.springframework.boot.autoconfigure.security.servlet.UserDetailsServiceAutoConfiguration [restartedMain] 

Using generated security password: c7db1052-0d2d-4b03-a9bd-b1e6a941b0af

This generated password is for development use only. Your security configuration must be updated before running your application in production.

2022-10-27 10:07:48,941 INFO org.springframework.security.web.DefaultSecurityFilterChain [restartedMain] Will secure any request with [org.springframework.security.web.session.DisableEncodeUrlFilter@584217de, org.springframework.security.web.context.request.async.WebAsyncManagerIntegrationFilter@14c37531, org.springframework.security.web.context.SecurityContextPersistenceFilter@4755a63, org.springframework.security.web.header.HeaderWriterFilter@2b29e89e, org.springframework.security.web.authentication.logout.LogoutFilter@7833ab9a, org.springframework.security.web.savedrequest.RequestCacheAwareFilter@2029c4ba, org.springframework.security.web.servletapi.SecurityContextHolderAwareRequestFilter@62e92fda, org.springframework.security.web.authentication.AnonymousAuthenticationFilter@680f0dd2, org.springframework.security.web.session.SessionManagementFilter@3eb3d64d, org.springframework.security.web.access.ExceptionTranslationFilter@595f587, org.springframework.security.web.access.intercept.FilterSecurityInterceptor@3902152d]
2022-10-27 10:07:49,026 INFO org.springframework.boot.devtools.autoconfigure.OptionalLiveReloadServer [restartedMain] LiveReload server is running on port 35729
2022-10-27 10:07:49,189 INFO org.apache.juli.logging.DirectJDKLog [restartedMain] Starting ProtocolHandler ["http-nio-8080"]
2022-10-27 10:07:49,213 INFO org.springframework.boot.web.embedded.tomcat.TomcatWebServer [restartedMain] Tomcat started on port(s): 8080 (http) with context path ''
2022-10-27 10:07:49,525 INFO org.springframework.boot.StartupInfoLogger [restartedMain] Started LibraryManagementApplication in 5.419 seconds (JVM running for 5.809)
2022-10-27 10:07:59,139 INFO org.apache.juli.logging.DirectJDKLog [http-nio-8080-exec-1] Initializing Spring DispatcherServlet 'dispatcherServlet'
2022-10-27 10:07:59,140 INFO org.springframework.web.servlet.FrameworkServlet [http-nio-8080-exec-1] Initializing Servlet 'dispatcherServlet'
2022-10-27 10:07:59,141 INFO org.springframework.web.servlet.FrameworkServlet [http-nio-8080-exec-1] Completed initialization in 1 ms
2022-10-27 10:10:17,213 INFO co.develhope.libraryManagement.controller.auth.AuthenticationController [http-nio-8080-exec-6] Registration in progress 
2022-10-27 10:10:53,229 INFO co.develhope.libraryManagement.controller.auth.AuthenticationController [http-nio-8080-exec-5] User activating
2022-10-27 10:11:24,522 INFO co.develhope.libraryManagement.controller.auth.AuthenticationController [http-nio-8080-exec-4] Try to login in the app
2022-10-27 10:11:24,592 ERROR org.apache.juli.logging.DirectJDKLog [http-nio-8080-exec-4] Servlet.service() for servlet [dispatcherServlet] in context with path [] threw exception [Request processing failed; nested exception is java.lang.IllegalArgumentException: The Secret cannot be null] with root cause
java.lang.IllegalArgumentException: The Secret cannot be null
	at com.auth0.jwt.algorithms.HMACAlgorithm.getSecretBytes(HMACAlgorithm.java:44)
	at com.auth0.jwt.algorithms.HMACAlgorithm.<init>(HMACAlgorithm.java:38)
	at com.auth0.jwt.algorithms.Algorithm.HMAC512(Algorithm.java:166)
	at co.develhope.libraryManagement.service.auth.LoginService.getJWT(LoginService.java:70)
	at co.develhope.libraryManagement.service.auth.LoginService.generateJWT(LoginService.java:76)
	at co.develhope.libraryManagement.service.auth.LoginService.login(LoginService.java:39)
	at co.develhope.libraryManagement.controller.auth.AuthenticationController.login(AuthenticationController.java:71)
	at java.base/jdk.internal.reflect.DirectMethodHandleAccessor.invoke(DirectMethodHandleAccessor.java:104)
	at java.base/java.lang.reflect.Method.invoke(Method.java:577)
	at org.springframework.web.method.support.InvocableHandlerMethod.doInvoke(InvocableHandlerMethod.java:205)
	at org.springframework.web.method.support.InvocableHandlerMethod.invokeForRequest(InvocableHandlerMethod.java:150)
	at org.springframework.web.servlet.mvc.method.annotation.ServletInvocableHandlerMethod.invokeAndHandle(ServletInvocableHandlerMethod.java:117)
	at org.springframework.web.servlet.mvc.method.annotation.RequestMappingHandlerAdapter.invokeHandlerMethod(RequestMappingHandlerAdapter.java:895)
	at org.springframework.web.servlet.mvc.method.annotation.RequestMappingHandlerAdapter.handleInternal(RequestMappingHandlerAdapter.java:808)
	at org.springframework.web.servlet.mvc.method.AbstractHandlerMethodAdapter.handle(AbstractHandlerMethodAdapter.java:87)
	at org.springframework.web.servlet.DispatcherServlet.doDispatch(DispatcherServlet.java:1071)
	at org.springframework.web.servlet.DispatcherServlet.doService(DispatcherServlet.java:964)
	at org.springframework.web.servlet.FrameworkServlet.processRequest(FrameworkServlet.java:1006)
	at org.springframework.web.servlet.FrameworkServlet.doPost(FrameworkServlet.java:909)
	at javax.servlet.http.HttpServlet.service(HttpServlet.java:696)
	at org.springframework.web.servlet.FrameworkServlet.service(FrameworkServlet.java:883)
	at javax.servlet.http.HttpServlet.service(HttpServlet.java:779)
	at org.apache.catalina.core.ApplicationFilterChain.internalDoFilter(ApplicationFilterChain.java:227)
	at org.apache.catalina.core.ApplicationFilterChain.doFilter(ApplicationFilterChain.java:162)
	at org.apache.tomcat.websocket.server.WsFilter.doFilter(WsFilter.java:53)
	at org.apache.catalina.core.ApplicationFilterChain.internalDoFilter(ApplicationFilterChain.java:189)
	at org.apache.catalina.core.ApplicationFilterChain.doFilter(ApplicationFilterChain.java:162)
	at co.develhope.libraryManagement.JwtTokenFilter.doFilterInternal(JwtTokenFilter.java:48)
	at org.springframework.web.filter.OncePerRequestFilter.doFilter(OncePerRequestFilter.java:117)
	at org.apache.catalina.core.ApplicationFilterChain.internalDoFilter(ApplicationFilterChain.java:189)
	at org.apache.catalina.core.ApplicationFilterChain.doFilter(ApplicationFilterChain.java:162)
	at org.springframework.security.web.FilterChainProxy$VirtualFilterChain.doFilter(FilterChainProxy.java:337)
	at org.springframework.security.web.access.intercept.FilterSecurityInterceptor.invoke(FilterSecurityInterceptor.java:115)
	at org.springframework.security.web.access.intercept.FilterSecurityInterceptor.doFilter(FilterSecurityInterceptor.java:81)
	at org.springframework.security.web.FilterChainProxy$VirtualFilterChain.doFilter(FilterChainProxy.java:346)
	at org.springframework.security.web.access.ExceptionTranslationFilter.doFilter(ExceptionTranslationFilter.java:122)
	at org.springframework.security.web.access.ExceptionTranslationFilter.doFilter(ExceptionTranslationFilter.java:116)
	at org.springframework.security.web.FilterChainProxy$VirtualFilterChain.doFilter(FilterChainProxy.java:346)
	at org.springframework.security.web.session.SessionManagementFilter.doFilter(SessionManagementFilter.java:126)
	at org.springframework.security.web.session.SessionManagementFilter.doFilter(SessionManagementFilter.java:81)
	at org.springframework.security.web.FilterChainProxy$VirtualFilterChain.doFilter(FilterChainProxy.java:346)
	at org.springframework.security.web.authentication.AnonymousAuthenticationFilter.doFilter(AnonymousAuthenticationFilter.java:109)
	at org.springframework.security.web.FilterChainProxy$VirtualFilterChain.doFilter(FilterChainProxy.java:346)
	at org.springframework.security.web.servletapi.SecurityContextHolderAwareRequestFilter.doFilter(SecurityContextHolderAwareRequestFilter.java:149)
	at org.springframework.security.web.FilterChainProxy$VirtualFilterChain.doFilter(FilterChainProxy.java:346)
	at org.springframework.security.web.savedrequest.RequestCacheAwareFilter.doFilter(RequestCacheAwareFilter.java:63)
	at org.springframework.security.web.FilterChainProxy$VirtualFilterChain.doFilter(FilterChainProxy.java:346)
	at org.springframework.security.web.authentication.logout.LogoutFilter.doFilter(LogoutFilter.java:103)
	at org.springframework.security.web.authentication.logout.LogoutFilter.doFilter(LogoutFilter.java:89)
	at org.springframework.security.web.FilterChainProxy$VirtualFilterChain.doFilter(FilterChainProxy.java:346)
	at org.springframework.security.web.header.HeaderWriterFilter.doHeadersAfter(HeaderWriterFilter.java:90)
	at org.springframework.security.web.header.HeaderWriterFilter.doFilterInternal(HeaderWriterFilter.java:75)
	at org.springframework.web.filter.OncePerRequestFilter.doFilter(OncePerRequestFilter.java:117)
	at org.springframework.security.web.FilterChainProxy$VirtualFilterChain.doFilter(FilterChainProxy.java:346)
	at org.springframework.security.web.context.SecurityContextPersistenceFilter.doFilter(SecurityContextPersistenceFilter.java:112)
	at org.springframework.security.web.context.SecurityContextPersistenceFilter.doFilter(SecurityContextPersistenceFilter.java:82)
	at org.springframework.security.web.FilterChainProxy$VirtualFilterChain.doFilter(FilterChainProxy.java:346)
	at org.springframework.security.web.context.request.async.WebAsyncManagerIntegrationFilter.doFilterInternal(WebAsyncManagerIntegrationFilter.java:55)
	at org.springframework.web.filter.OncePerRequestFilter.doFilter(OncePerRequestFilter.java:117)
	at org.springframework.security.web.FilterChainProxy$VirtualFilterChain.doFilter(FilterChainProxy.java:346)
	at org.springframework.security.web.session.DisableEncodeUrlFilter.doFilterInternal(DisableEncodeUrlFilter.java:42)
	at org.springframework.web.filter.OncePerRequestFilter.doFilter(OncePerRequestFilter.java:117)
	at org.springframework.security.web.FilterChainProxy$VirtualFilterChain.doFilter(FilterChainProxy.java:346)
	at org.springframework.security.web.FilterChainProxy.doFilterInternal(FilterChainProxy.java:221)
	at org.springframework.security.web.FilterChainProxy.doFilter(FilterChainProxy.java:186)
	at org.springframework.web.filter.DelegatingFilterProxy.invokeDelegate(DelegatingFilterProxy.java:354)
	at org.springframework.web.filter.DelegatingFilterProxy.doFilter(DelegatingFilterProxy.java:267)
	at org.apache.catalina.core.ApplicationFilterChain.internalDoFilter(ApplicationFilterChain.java:189)
	at org.apache.catalina.core.ApplicationFilterChain.doFilter(ApplicationFilterChain.java:162)
	at org.springframework.web.filter.RequestContextFilter.doFilterInternal(RequestContextFilter.java:100)
	at org.springframework.web.filter.OncePerRequestFilter.doFilter(OncePerRequestFilter.java:117)
	at org.apache.catalina.core.ApplicationFilterChain.internalDoFilter(ApplicationFilterChain.java:189)
	at org.apache.catalina.core.ApplicationFilterChain.doFilter(ApplicationFilterChain.java:162)
	at org.springframework.web.filter.FormContentFilter.doFilterInternal(FormContentFilter.java:93)
	at org.springframework.web.filter.OncePerRequestFilter.doFilter(OncePerRequestFilter.java:117)
	at org.apache.catalina.core.ApplicationFilterChain.internalDoFilter(ApplicationFilterChain.java:189)
	at org.apache.catalina.core.ApplicationFilterChain.doFilter(ApplicationFilterChain.java:162)
	at org.springframework.web.filter.CharacterEncodingFilter.doFilterInternal(CharacterEncodingFilter.java:201)
	at org.springframework.web.filter.OncePerRequestFilter.doFilter(OncePerRequestFilter.java:117)
	at org.apache.catalina.core.ApplicationFilterChain.internalDoFilter(ApplicationFilterChain.java:189)
	at org.apache.catalina.core.ApplicationFilterChain.doFilter(ApplicationFilterChain.java:162)
	at org.apache.catalina.core.StandardWrapperValve.invoke(StandardWrapperValve.java:197)
	at org.apache.catalina.core.StandardContextValve.invoke(StandardContextValve.java:97)
	at org.apache.catalina.authenticator.AuthenticatorBase.invoke(AuthenticatorBase.java:541)
	at org.apache.catalina.core.StandardHostValve.invoke(StandardHostValve.java:135)
	at org.apache.catalina.valves.ErrorReportValve.invoke(ErrorReportValve.java:92)
	at org.apache.catalina.core.StandardEngineValve.invoke(StandardEngineValve.java:78)
	at org.apache.catalina.connector.CoyoteAdapter.service(CoyoteAdapter.java:360)
	at org.apache.coyote.http11.Http11Processor.service(Http11Processor.java:399)
	at org.apache.coyote.AbstractProcessorLight.process(AbstractProcessorLight.java:65)
	at org.apache.coyote.AbstractProtocol$ConnectionHandler.process(AbstractProtocol.java:893)
	at org.apache.tomcat.util.net.NioEndpoint$SocketProcessor.doRun(NioEndpoint.java:1789)
	at org.apache.tomcat.util.net.SocketProcessorBase.run(SocketProcessorBase.java:49)
	at org.apache.tomcat.util.threads.ThreadPoolExecutor.runWorker(ThreadPoolExecutor.java:1191)
	at org.apache.tomcat.util.threads.ThreadPoolExecutor$Worker.run(ThreadPoolExecutor.java:659)
	at org.apache.tomcat.util.threads.TaskThread$WrappingRunnable.run(TaskThread.java:61)
	at java.base/java.lang.Thread.run(Thread.java:833)
2022-10-27 10:13:37,377 INFO org.springframework.orm.jpa.AbstractEntityManagerFactoryBean [SpringApplicationShutdownHook] Closing JPA EntityManagerFactory for persistence unit 'default'
2022-10-27 10:13:37,381 INFO com.zaxxer.hikari.HikariDataSource [SpringApplicationShutdownHook] HikariPool-1 - Shutdown initiated...
2022-10-27 10:13:37,390 INFO com.zaxxer.hikari.HikariDataSource [SpringApplicationShutdownHook] HikariPool-1 - Shutdown completed.
2022-10-27 10:13:42,494 INFO org.springframework.boot.StartupInfoLogger [restartedMain] Starting LibraryManagementApplication using Java 18.0.1.1 on MSI with PID 13472 (C:\Users\giuse\Desktop\libraryManagement\target\classes started by giuse in C:\Users\giuse\Desktop\libraryManagement)
2022-10-27 10:13:42,497 INFO org.springframework.boot.SpringApplication [restartedMain] No active profile set, falling back to 1 default profile: "default"
2022-10-27 10:13:42,593 INFO org.springframework.boot.logging.DeferredLog [restartedMain] Devtools property defaults active! Set 'spring.devtools.add-properties' to 'false' to disable
2022-10-27 10:13:42,594 INFO org.springframework.boot.logging.DeferredLog [restartedMain] For additional web related logging consider setting the 'logging.level.web' property to 'DEBUG'
2022-10-27 10:13:43,870 INFO org.springframework.data.repository.config.RepositoryConfigurationDelegate [restartedMain] Bootstrapping Spring Data JPA repositories in DEFAULT mode.
2022-10-27 10:13:43,972 INFO org.springframework.data.repository.config.RepositoryConfigurationDelegate [restartedMain] Finished Spring Data repository scanning in 92 ms. Found 8 JPA repository interfaces.
2022-10-27 10:13:45,171 INFO org.springframework.boot.web.embedded.tomcat.TomcatWebServer [restartedMain] Tomcat initialized with port(s): 8080 (http)
2022-10-27 10:13:45,212 INFO org.apache.juli.logging.DirectJDKLog [restartedMain] Initializing ProtocolHandler ["http-nio-8080"]
2022-10-27 10:13:45,213 INFO org.apache.juli.logging.DirectJDKLog [restartedMain] Starting service [Tomcat]
2022-10-27 10:13:45,214 INFO org.apache.juli.logging.DirectJDKLog [restartedMain] Starting Servlet engine: [Apache Tomcat/9.0.68]
2022-10-27 10:13:45,371 INFO org.apache.juli.logging.DirectJDKLog [restartedMain] Initializing Spring embedded WebApplicationContext
2022-10-27 10:13:45,372 INFO org.springframework.boot.web.servlet.context.ServletWebServerApplicationContext [restartedMain] Root WebApplicationContext: initialization completed in 2777 ms
2022-10-27 10:13:45,883 INFO org.hibernate.jpa.internal.util.LogHelper [restartedMain] HHH000204: Processing PersistenceUnitInfo [name: default]
2022-10-27 10:13:45,941 INFO org.hibernate.Version [restartedMain] HHH000412: Hibernate ORM core version 5.6.12.Final
2022-10-27 10:13:46,112 INFO org.hibernate.annotations.common.reflection.java.JavaReflectionManager [restartedMain] HCANN000001: Hibernate Commons Annotations {5.1.2.Final}
2022-10-27 10:13:46,203 INFO com.zaxxer.hikari.HikariDataSource [restartedMain] HikariPool-1 - Starting...
2022-10-27 10:13:46,521 INFO com.zaxxer.hikari.HikariDataSource [restartedMain] HikariPool-1 - Start completed.
2022-10-27 10:13:46,544 INFO org.hibernate.dialect.Dialect [restartedMain] HHH000400: Using dialect: org.hibernate.dialect.MySQL57Dialect
2022-10-27 10:13:47,822 INFO org.hibernate.engine.transaction.jta.platform.internal.JtaPlatformInitiator [restartedMain] HHH000490: Using JtaPlatform implementation: [org.hibernate.engine.transaction.jta.platform.internal.NoJtaPlatform]
2022-10-27 10:13:47,832 INFO org.springframework.orm.jpa.AbstractEntityManagerFactoryBean [restartedMain] Initialized JPA EntityManagerFactory for persistence unit 'default'
2022-10-27 10:13:48,398 WARN org.springframework.boot.autoconfigure.orm.jpa.JpaBaseConfiguration$JpaWebConfiguration [restartedMain] spring.jpa.open-in-view is enabled by default. Therefore, database queries may be performed during view rendering. Explicitly configure spring.jpa.open-in-view to disable this warning
2022-10-27 10:13:50,375 WARN org.springframework.boot.autoconfigure.security.servlet.UserDetailsServiceAutoConfiguration [restartedMain] 

Using generated security password: b2c4a2f1-7feb-4e47-845c-c4137b819e14

This generated password is for development use only. Your security configuration must be updated before running your application in production.

2022-10-27 10:13:50,475 INFO org.springframework.security.web.DefaultSecurityFilterChain [restartedMain] Will secure any request with [org.springframework.security.web.session.DisableEncodeUrlFilter@4bf827b5, org.springframework.security.web.context.request.async.WebAsyncManagerIntegrationFilter@94fab28, org.springframework.security.web.context.SecurityContextPersistenceFilter@6801bc53, org.springframework.security.web.header.HeaderWriterFilter@14e71f64, org.springframework.security.web.authentication.logout.LogoutFilter@24d4e51e, org.springframework.security.web.savedrequest.RequestCacheAwareFilter@20759852, org.springframework.security.web.servletapi.SecurityContextHolderAwareRequestFilter@510629d7, org.springframework.security.web.authentication.AnonymousAuthenticationFilter@107e258c, org.springframework.security.web.session.SessionManagementFilter@3f2a093d, org.springframework.security.web.access.ExceptionTranslationFilter@182229f4, org.springframework.security.web.access.intercept.FilterSecurityInterceptor@5ed06ee9]
2022-10-27 10:13:50,712 INFO org.springframework.boot.devtools.autoconfigure.OptionalLiveReloadServer [restartedMain] LiveReload server is running on port 35729
2022-10-27 10:13:50,974 INFO org.apache.juli.logging.DirectJDKLog [restartedMain] Starting ProtocolHandler ["http-nio-8080"]
2022-10-27 10:13:51,006 INFO org.springframework.boot.web.embedded.tomcat.TomcatWebServer [restartedMain] Tomcat started on port(s): 8080 (http) with context path ''
2022-10-27 10:13:51,677 INFO org.springframework.boot.StartupInfoLogger [restartedMain] Started LibraryManagementApplication in 9.905 seconds (JVM running for 10.646)
2022-10-27 10:14:51,020 INFO org.apache.juli.logging.DirectJDKLog [http-nio-8080-exec-1] Initializing Spring DispatcherServlet 'dispatcherServlet'
2022-10-27 10:14:51,020 INFO org.springframework.web.servlet.FrameworkServlet [http-nio-8080-exec-1] Initializing Servlet 'dispatcherServlet'
2022-10-27 10:14:51,021 INFO org.springframework.web.servlet.FrameworkServlet [http-nio-8080-exec-1] Completed initialization in 1 ms
2022-10-27 10:15:13,238 INFO co.develhope.libraryManagement.controller.auth.AuthenticationController [http-nio-8080-exec-2] Try to login in the app
2022-10-27 10:16:20,306 INFO org.springframework.orm.jpa.AbstractEntityManagerFactoryBean [SpringApplicationShutdownHook] Closing JPA EntityManagerFactory for persistence unit 'default'
2022-10-27 10:16:20,309 INFO com.zaxxer.hikari.HikariDataSource [SpringApplicationShutdownHook] HikariPool-1 - Shutdown initiated...
2022-10-27 10:16:20,317 INFO com.zaxxer.hikari.HikariDataSource [SpringApplicationShutdownHook] HikariPool-1 - Shutdown completed.
2022-10-27 12:43:44,756 INFO org.springframework.boot.StartupInfoLogger [restartedMain] Starting LibraryManagementApplication using Java 18.0.1.1 on MSI with PID 10648 (C:\Users\giuse\Desktop\libraryManagement\target\classes started by giuse in C:\Users\giuse\Desktop\libraryManagement)
2022-10-27 12:43:44,757 INFO org.springframework.boot.SpringApplication [restartedMain] No active profile set, falling back to 1 default profile: "default"
2022-10-27 12:43:44,812 INFO org.springframework.boot.logging.DeferredLog [restartedMain] Devtools property defaults active! Set 'spring.devtools.add-properties' to 'false' to disable
2022-10-27 12:43:44,812 INFO org.springframework.boot.logging.DeferredLog [restartedMain] For additional web related logging consider setting the 'logging.level.web' property to 'DEBUG'
2022-10-27 12:43:45,605 INFO org.springframework.data.repository.config.RepositoryConfigurationDelegate [restartedMain] Bootstrapping Spring Data JPA repositories in DEFAULT mode.
2022-10-27 12:43:45,682 INFO org.springframework.data.repository.config.RepositoryConfigurationDelegate [restartedMain] Finished Spring Data repository scanning in 69 ms. Found 8 JPA repository interfaces.
2022-10-27 12:43:46,549 INFO org.springframework.boot.web.embedded.tomcat.TomcatWebServer [restartedMain] Tomcat initialized with port(s): 8080 (http)
2022-10-27 12:43:46,579 INFO org.apache.juli.logging.DirectJDKLog [restartedMain] Initializing ProtocolHandler ["http-nio-8080"]
2022-10-27 12:43:46,580 INFO org.apache.juli.logging.DirectJDKLog [restartedMain] Starting service [Tomcat]
2022-10-27 12:43:46,580 INFO org.apache.juli.logging.DirectJDKLog [restartedMain] Starting Servlet engine: [Apache Tomcat/9.0.68]
2022-10-27 12:43:46,679 INFO org.apache.juli.logging.DirectJDKLog [restartedMain] Initializing Spring embedded WebApplicationContext
2022-10-27 12:43:46,680 INFO org.springframework.boot.web.servlet.context.ServletWebServerApplicationContext [restartedMain] Root WebApplicationContext: initialization completed in 1866 ms
2022-10-27 12:43:46,969 INFO org.hibernate.jpa.internal.util.LogHelper [restartedMain] HHH000204: Processing PersistenceUnitInfo [name: default]
2022-10-27 12:43:46,997 INFO org.hibernate.Version [restartedMain] HHH000412: Hibernate ORM core version 5.6.12.Final
2022-10-27 12:43:47,111 INFO org.hibernate.annotations.common.reflection.java.JavaReflectionManager [restartedMain] HCANN000001: Hibernate Commons Annotations {5.1.2.Final}
2022-10-27 12:43:47,187 INFO com.zaxxer.hikari.HikariDataSource [restartedMain] HikariPool-1 - Starting...
2022-10-27 12:43:47,427 INFO com.zaxxer.hikari.HikariDataSource [restartedMain] HikariPool-1 - Start completed.
2022-10-27 12:43:47,441 INFO org.hibernate.dialect.Dialect [restartedMain] HHH000400: Using dialect: org.hibernate.dialect.MySQL57Dialect
2022-10-27 12:43:48,194 INFO org.hibernate.engine.transaction.jta.platform.internal.JtaPlatformInitiator [restartedMain] HHH000490: Using JtaPlatform implementation: [org.hibernate.engine.transaction.jta.platform.internal.NoJtaPlatform]
2022-10-27 12:43:48,201 INFO org.springframework.orm.jpa.AbstractEntityManagerFactoryBean [restartedMain] Initialized JPA EntityManagerFactory for persistence unit 'default'
2022-10-27 12:43:48,535 WARN org.springframework.boot.autoconfigure.orm.jpa.JpaBaseConfiguration$JpaWebConfiguration [restartedMain] spring.jpa.open-in-view is enabled by default. Therefore, database queries may be performed during view rendering. Explicitly configure spring.jpa.open-in-view to disable this warning
2022-10-27 12:43:49,594 WARN org.springframework.boot.autoconfigure.security.servlet.UserDetailsServiceAutoConfiguration [restartedMain] 

Using generated security password: 0652dc29-9234-40fd-a2e1-a673e386e1c8

This generated password is for development use only. Your security configuration must be updated before running your application in production.

2022-10-27 12:43:49,701 INFO org.springframework.security.web.DefaultSecurityFilterChain [restartedMain] Will secure any request with [org.springframework.security.web.session.DisableEncodeUrlFilter@2daaf0aa, org.springframework.security.web.context.request.async.WebAsyncManagerIntegrationFilter@334ef58, org.springframework.security.web.context.SecurityContextPersistenceFilter@410ab62b, org.springframework.security.web.header.HeaderWriterFilter@2776689, org.springframework.security.web.authentication.logout.LogoutFilter@43c31d54, org.springframework.security.web.savedrequest.RequestCacheAwareFilter@74188c92, org.springframework.security.web.servletapi.SecurityContextHolderAwareRequestFilter@1e714f67, org.springframework.security.web.authentication.AnonymousAuthenticationFilter@744ca294, org.springframework.security.web.session.SessionManagementFilter@1252cb75, org.springframework.security.web.access.ExceptionTranslationFilter@5f08ce3d, org.springframework.security.web.access.intercept.FilterSecurityInterceptor@51ed1fc5]
2022-10-27 12:43:49,805 INFO org.springframework.boot.devtools.autoconfigure.OptionalLiveReloadServer [restartedMain] LiveReload server is running on port 35729
2022-10-27 12:43:49,954 INFO org.apache.juli.logging.DirectJDKLog [restartedMain] Starting ProtocolHandler ["http-nio-8080"]
2022-10-27 12:43:49,977 INFO org.springframework.boot.web.embedded.tomcat.TomcatWebServer [restartedMain] Tomcat started on port(s): 8080 (http) with context path ''
2022-10-27 12:43:50,307 INFO org.springframework.boot.StartupInfoLogger [restartedMain] Started LibraryManagementApplication in 5.96 seconds (JVM running for 6.409)
2022-10-27 12:44:50,716 INFO org.apache.juli.logging.DirectJDKLog [http-nio-8080-exec-1] Initializing Spring DispatcherServlet 'dispatcherServlet'
2022-10-27 12:44:50,717 INFO org.springframework.web.servlet.FrameworkServlet [http-nio-8080-exec-1] Initializing Servlet 'dispatcherServlet'
2022-10-27 12:44:50,718 INFO org.springframework.web.servlet.FrameworkServlet [http-nio-8080-exec-1] Completed initialization in 1 ms
2022-10-27 12:46:46,794 INFO co.develhope.libraryManagement.controller.auth.AuthenticationController [http-nio-8080-exec-5] Try to login in the app
2022-10-27 12:48:12,643 INFO org.springframework.orm.jpa.AbstractEntityManagerFactoryBean [SpringApplicationShutdownHook] Closing JPA EntityManagerFactory for persistence unit 'default'
2022-10-27 12:48:12,646 INFO com.zaxxer.hikari.HikariDataSource [SpringApplicationShutdownHook] HikariPool-1 - Shutdown initiated...
2022-10-27 12:48:12,652 INFO com.zaxxer.hikari.HikariDataSource [SpringApplicationShutdownHook] HikariPool-1 - Shutdown completed.
